Nov 26, 2018 7:45:20 AM org.apache.catalina.startup.VersionLoggerListener log
INFO: Server version:        Apache Tomcat (TomEE)/7.0.81 (1.7.5)
Nov 26, 2018 7:45:20 AM org.apache.catalina.startup.VersionLoggerListener log
INFO: Server built:          Aug 11 2017 10:21:27 UTC
Nov 26, 2018 7:45:20 AM org.apache.catalina.startup.VersionLoggerListener log
INFO: Server number:         7.0.81.0
Nov 26, 2018 7:45:20 AM org.apache.catalina.startup.VersionLoggerListener log
INFO: OS Name:               Windows 7
Nov 26, 2018 7:45:20 AM org.apache.catalina.startup.VersionLoggerListener log
INFO: OS Version:            6.1
Nov 26, 2018 7:45:20 AM org.apache.catalina.startup.VersionLoggerListener log
INFO: Architecture:          amd64
Nov 26, 2018 7:45:20 AM org.apache.catalina.startup.VersionLoggerListener log
INFO: Java Home:             C:\Program Files\Java\jdk1.8.0_191\jre
Nov 26, 2018 7:45:20 AM org.apache.catalina.startup.VersionLoggerListener log
INFO: JVM Version:           1.8.0_191-b12
Nov 26, 2018 7:45:20 AM org.apache.catalina.startup.VersionLoggerListener log
INFO: JVM Vendor:            Oracle Corporation
Nov 26, 2018 7:45:20 AM org.apache.catalina.startup.VersionLoggerListener log
INFO: CATALINA_BASE:         C:\address-manager\application\target\apache-tomee
Nov 26, 2018 7:45:20 AM org.apache.catalina.startup.VersionLoggerListener log
INFO: CATALINA_HOME:         C:\address-manager\application\target\apache-tomee
Nov 26, 2018 7:45:20 AM org.apache.catalina.startup.VersionLoggerListener log
INFO: Command line argument: -XX:+HeapDumpOnOutOfMemoryError
Nov 26, 2018 7:45:20 AM org.apache.catalina.startup.VersionLoggerListener log
INFO: Command line argument: -Dorg.apache.catalina.STRICT_SERVLET_COMPLIANCE=false
Nov 26, 2018 7:45:20 AM org.apache.catalina.startup.VersionLoggerListener log
INFO: Command line argument: -Dopenejb.session.manager=org.apache.tomee.catalina.session.QuickSessionManager
Nov 26, 2018 7:45:20 AM org.apache.catalina.startup.VersionLoggerListener log
INFO: Command line argument: -Dtomee.remote.support=true
Nov 26, 2018 7:45:20 AM org.apache.catalina.startup.VersionLoggerListener log
INFO: Command line argument: -Dopenejb.system.apps=false
Nov 26, 2018 7:45:20 AM org.apache.catalina.startup.VersionLoggerListener log
INFO: Command line argument: -Djava.util.logging.config.file=C:\address-manager\application\target\apache-tomee\conf\logging.properties
Nov 26, 2018 7:45:20 AM org.apache.catalina.startup.VersionLoggerListener log
INFO: Command line argument: -javaagent:C:\address-manager\application\target\apache-tomee\lib\openejb-javaagent.jar
Nov 26, 2018 7:45:20 AM org.apache.catalina.startup.VersionLoggerListener log
INFO: Command line argument: -Djava.util.logging.manager=org.apache.juli.ClassLoaderLogManager
Nov 26, 2018 7:45:20 AM org.apache.catalina.startup.VersionLoggerListener log
INFO: Command line argument: -Djava.io.tmpdir=C:\address-manager\application\target\apache-tomee\temp
Nov 26, 2018 7:45:20 AM org.apache.catalina.startup.VersionLoggerListener log
INFO: Command line argument: -Djava.endorsed.dirs=C:\address-manager\application\target\apache-tomee\endorsed
Nov 26, 2018 7:45:20 AM org.apache.catalina.startup.VersionLoggerListener log
INFO: Command line argument: -Dcatalina.base=C:\address-manager\application\target\apache-tomee
Nov 26, 2018 7:45:20 AM org.apache.catalina.startup.VersionLoggerListener log
INFO: Command line argument: -Dcatalina.home=C:\address-manager\application\target\apache-tomee
Nov 26, 2018 7:45:20 AM org.apache.catalina.startup.VersionLoggerListener log
INFO: Command line argument: -Dcatalina.ext.dirs=C:\address-manager\application\target\apache-tomee\lib
Nov 26, 2018 7:45:20 AM org.apache.catalina.startup.VersionLoggerListener log
INFO: Command line argument: -Dorg.apache.tomcat.util.http.ServerCookie.ALLOW_HTTP_SEPARATORS_IN_V0=true
Nov 26, 2018 7:45:20 AM org.apache.catalina.startup.VersionLoggerListener log
INFO: Command line argument: -ea
Nov 26, 2018 7:45:20 AM org.apache.catalina.core.AprLifecycleListener lifecycleEvent
INFO: The APR based Apache Tomcat Native library which allows optimal performance in production environments was not found on the java.library.path: C:\Program Files\Java\jdk1.8.0_191\jre\bin;C:\Windows\Sun\Java\bin;C:\Windows\system32;C:\Windows;C:\Program Files (x86)\Common Files\Oracle\Java\javapath;C:\Program Files\Common Files\Microsoft Shared\Windows Live;C:\Program Files (x86)\Common Files\Microsoft Shared\Windows Live;c:\Program Files (x86)\Intel\iCLS Client\;c:\Program Files\Intel\iCLS Client\;C:\Windows\system32;C:\Windows;C:\Windows\System32\Wbem;C:\Windows\System32\WindowsPowerShell\v1.0\;C:\Program Files (x86)\Windows Live\Shared;C:\Program Files\Trend Micro\AMSP;C:\Program Files\Java\apache-maven-3.6.0\apache-maven-3.6.0\bin;C:\Program Files\Java\apache-maven-3.6.0\bin;.
Nov 26, 2018 7:45:25 AM org.apache.coyote.AbstractProtocol init
INFO: Initializing ProtocolHandler ["http-bio-8080"]
Nov 26, 2018 7:45:25 AM org.apache.coyote.AbstractProtocol init
INFO: Initializing ProtocolHandler ["ajp-bio-8009"]
Nov 26, 2018 7:45:33 AM org.apache.openejb.util.OptionsLog info
INFO: Using 'tomee.remote.support=true'
Nov 26, 2018 7:45:33 AM org.apache.openejb.util.OptionsLog info
INFO: Using 'openejb.jdbc.datasource-creator=org.apache.tomee.jdbc.TomEEDataSourceCreator'
Nov 26, 2018 7:45:33 AM org.apache.openejb.OpenEJB$Instance <init>
INFO: ********************************************************************************
Nov 26, 2018 7:45:33 AM org.apache.openejb.OpenEJB$Instance <init>
INFO: OpenEJB http://tomee.apache.org/
Nov 26, 2018 7:45:33 AM org.apache.openejb.OpenEJB$Instance <init>
INFO: Startup: Mon Nov 26 07:45:33 EST 2018
Nov 26, 2018 7:45:33 AM org.apache.openejb.OpenEJB$Instance <init>
INFO: Copyright 1999-2015 (C) Apache OpenEJB/TomEE Project, All Rights Reserved.
Nov 26, 2018 7:45:33 AM org.apache.openejb.OpenEJB$Instance <init>
INFO: Version: 4.7.5
Nov 26, 2018 7:45:33 AM org.apache.openejb.OpenEJB$Instance <init>
INFO: Build date: 20170927
Nov 26, 2018 7:45:33 AM org.apache.openejb.OpenEJB$Instance <init>
INFO: Build time: 12:02
Nov 26, 2018 7:45:33 AM org.apache.openejb.OpenEJB$Instance <init>
INFO: ********************************************************************************
Nov 26, 2018 7:45:33 AM org.apache.openejb.OpenEJB$Instance <init>
INFO: openejb.home = C:\address-manager\application\target\apache-tomee
Nov 26, 2018 7:45:33 AM org.apache.openejb.OpenEJB$Instance <init>
INFO: openejb.base = C:\address-manager\application\target\apache-tomee
Nov 26, 2018 7:45:33 AM org.apache.openejb.cdi.CdiBuilder initializeOWB
INFO: Created new singletonService org.apache.openejb.cdi.ThreadSingletonServiceImpl@51b279c9
Nov 26, 2018 7:45:33 AM org.apache.openejb.cdi.CdiBuilder initializeOWB
INFO: Succeeded in installing singleton service
Nov 26, 2018 7:45:33 AM org.apache.openejb.config.ConfigurationFactory init
INFO: openejb configuration file is 'C:\address-manager\application\target\apache-tomee\conf\tomee.xml'
Nov 26, 2018 7:45:34 AM org.apache.openejb.config.ConfigurationFactory configureService
INFO: Configuring Service(id=Tomcat Security Service, type=SecurityService, provider-id=Tomcat Security Service)
Nov 26, 2018 7:45:34 AM org.apache.openejb.config.ConfigurationFactory configureService
INFO: Configuring Service(id=Default Transaction Manager, type=TransactionManager, provider-id=Default Transaction Manager)
Nov 26, 2018 7:45:34 AM org.apache.openejb.util.OptionsLog info
INFO: Using 'openejb.system.apps=false'
Nov 26, 2018 7:45:34 AM org.apache.openejb.util.OptionsLog info
INFO: Using 'openejb.deployments.classpath=false'
Nov 26, 2018 7:45:34 AM org.apache.openejb.assembler.classic.Assembler createRecipe
INFO: Creating TransactionManager(id=Default Transaction Manager)
Nov 26, 2018 7:45:34 AM org.apache.openejb.assembler.classic.Assembler createRecipe
INFO: Creating SecurityService(id=Tomcat Security Service)
Nov 26, 2018 7:45:35 AM org.apache.openejb.server.ServiceManager initServer
INFO: Creating ServerService(id=cxf-rs)
Nov 26, 2018 7:45:36 AM org.apache.openejb.server.SimpleServiceManager start
INFO:   ** Bound Services **
Nov 26, 2018 7:45:36 AM org.apache.openejb.server.SimpleServiceManager printRow
INFO:   NAME                 IP              PORT  
Nov 26, 2018 7:45:36 AM org.apache.openejb.server.SimpleServiceManager start
INFO: -------
Nov 26, 2018 7:45:36 AM org.apache.openejb.server.SimpleServiceManager start
INFO: Ready!
Nov 26, 2018 7:45:36 AM org.apache.catalina.startup.Catalina load
INFO: Initialization processed in 20681 ms
Nov 26, 2018 7:45:36 AM org.apache.tomee.catalina.OpenEJBNamingContextListener bindResource
INFO: Importing a Tomcat Resource with id 'UserDatabase' of type 'org.apache.catalina.UserDatabase'.
Nov 26, 2018 7:45:36 AM org.apache.openejb.assembler.classic.Assembler createRecipe
INFO: Creating Resource(id=UserDatabase)
Nov 26, 2018 7:45:36 AM org.apache.catalina.core.StandardService startInternal
INFO: Starting service Catalina
Nov 26, 2018 7:45:36 AM org.apache.catalina.core.StandardEngine startInternal
INFO: Starting Servlet Engine: Apache Tomcat (TomEE)/7.0.81 (1.7.5)
Nov 26, 2018 7:45:37 AM org.apache.catalina.startup.HostConfig deployWAR
INFO: Deploying web application archive C:\address-manager\application\target\apache-tomee\webapps\ROOT.war
Nov 26, 2018 7:45:37 AM org.apache.tomee.catalina.TomcatWebAppBuilder init
INFO: ------------------------- localhost -> /
Nov 26, 2018 7:45:37 AM org.apache.openejb.util.JarExtractor extract
INFO: Extracting jar: C:\address-manager\application\target\apache-tomee\webapps\ROOT.war
Nov 26, 2018 7:45:40 AM org.apache.openejb.util.JarExtractor extract
INFO: Extracted path: C:\address-manager\application\target\apache-tomee\webapps\ROOT
Nov 26, 2018 7:45:40 AM org.apache.openejb.util.OptionsLog info
INFO: Using 'openejb.session.manager=org.apache.tomee.catalina.session.QuickSessionManager'
Nov 26, 2018 7:45:52 AM org.apache.openejb.config.ConfigurationFactory configureApplication
INFO: Configuring enterprise application: C:\address-manager\application\target\apache-tomee\webapps\ROOT
Nov 26, 2018 7:45:53 AM org.apache.openejb.config.ConfigurationFactory configureService
INFO: Configuring Service(id=Default Managed Container, type=Container, provider-id=Default Managed Container)
Nov 26, 2018 7:45:53 AM org.apache.openejb.config.AutoConfig createContainer
INFO: Auto-creating a container for bean .Comp378191344: Container(type=MANAGED, id=Default Managed Container)
Nov 26, 2018 7:45:53 AM org.apache.openejb.assembler.classic.Assembler createRecipe
INFO: Creating Container(id=Default Managed Container)
Nov 26, 2018 7:45:53 AM org.apache.openejb.core.managed.SimplePassivater init
INFO: Using directory C:\address-manager\application\target\apache-tomee\temp for stateful session passivation
Nov 26, 2018 7:45:53 AM org.apache.openejb.config.AppInfoBuilder build
INFO: Enterprise application "C:\address-manager\application\target\apache-tomee\webapps\ROOT" loaded.
Nov 26, 2018 7:45:54 AM org.apache.openejb.assembler.classic.Assembler createApplication
INFO: Assembling app: C:\address-manager\application\target\apache-tomee\webapps\ROOT
Nov 26, 2018 7:45:55 AM org.apache.openejb.cdi.CdiBuilder initSingleton
INFO: Existing thread singleton service in SystemInstance(): org.apache.openejb.cdi.ThreadSingletonServiceImpl@51b279c9
Nov 26, 2018 7:45:56 AM org.apache.openejb.cdi.OpenEJBLifecycle startApplication
INFO: OpenWebBeans Container is starting...
Nov 26, 2018 7:45:56 AM org.apache.webbeans.plugins.PluginLoader startUp
INFO: Adding OpenWebBeansPlugin : [CdiPlugin]
Nov 26, 2018 7:45:56 AM org.apache.webbeans.plugins.PluginLoader startUp
INFO: Adding OpenWebBeansPlugin : [OpenWebBeansJsfPlugin]
Nov 26, 2018 7:46:13 AM org.apache.webbeans.config.BeansDeployer deploySingleAnnotatedType
INFO: Skipping deployment of Class class com.sap.cloud.sdk.cloudplatform.auditlog.ScpCfAuditLogdue to a NoClassDefFoundError: com/sap/xs/audit/api/AuditLogMessage
Nov 26, 2018 7:46:20 AM org.apache.webbeans.config.BeansDeployer validateInjectionPoints
INFO: All injection points were validated successfully.
Nov 26, 2018 7:46:20 AM org.apache.openejb.cdi.OpenEJBLifecycle startApplication
INFO: OpenWebBeans Container has started, it took 24200 ms.
Nov 26, 2018 7:46:20 AM org.apache.openejb.assembler.classic.Assembler createApplication
INFO: Deployed Application(path=C:\address-manager\application\target\apache-tomee\webapps\ROOT)
Nov 26, 2018 7:46:25 AM org.apache.catalina.startup.HostConfig deployWAR
INFO: Deployment of web application archive C:\address-manager\application\target\apache-tomee\webapps\ROOT.war has finished in 48,580 ms
Nov 26, 2018 7:46:25 AM org.apache.coyote.AbstractProtocol start
INFO: Starting ProtocolHandler ["http-bio-8080"]
Nov 26, 2018 7:46:26 AM org.apache.coyote.AbstractProtocol start
INFO: Starting ProtocolHandler ["ajp-bio-8009"]
Nov 26, 2018 7:46:26 AM org.apache.catalina.startup.Catalina start
INFO: Server startup in 49632 ms
Nov 26, 2018 8:08:32 AM org.apache.catalina.core.StandardServer await
INFO: A valid shutdown command was received via the shutdown port. Stopping the Server instance.
Nov 26, 2018 8:08:36 AM org.apache.coyote.AbstractProtocol pause
INFO: Pausing ProtocolHandler ["http-bio-8080"]
Nov 26, 2018 8:08:38 AM org.apache.coyote.AbstractProtocol pause
INFO: Pausing ProtocolHandler ["ajp-bio-8009"]
Nov 26, 2018 8:08:38 AM org.apache.catalina.core.StandardService stopInternal
INFO: Stopping service Catalina
Nov 26, 2018 8:08:52 AM org.apache.openejb.assembler.classic.Assembler destroyApplication
INFO: Undeploying app: C:\address-manager\application\target\apache-tomee\webapps\ROOT
Nov 26, 2018 8:10:26 AM org.apache.openejb.util.OptionsLog info
INFO: Using 'openjpa.Log=org.apache.openejb.openjpa.JULOpenJPALogFactory'
Nov 26, 2018 8:10:26 AM org.apache.openejb.assembler.classic.Assembler destroyApplication
INFO: Undeployed app: C:\address-manager\application\target\apache-tomee\webapps\ROOT
Nov 26, 2018 8:10:27 AM org.apache.catalina.loader.WebappClassLoaderBase checkThreadLocalMapForLeaks
SEVERE: The web application [] created a ThreadLocal with key of type [java.lang.ThreadLocal] (value [java.lang.ThreadLocal@29d46e7d]) and a value of type [com.netflix.hystrix.strategy.concurrency.HystrixRequestContext] (value [com.netflix.hystrix.strategy.concurrency.HystrixRequestContext@407a9b82]) but failed to remove it when the web application was stopped. Threads are going to be renewed over time to try and avoid a probable memory leak.
Nov 26, 2018 8:10:27 AM org.apache.catalina.loader.WebappClassLoaderBase checkThreadLocalMapForLeaks
SEVERE: The web application [] created a ThreadLocal with key of type [java.lang.ThreadLocal] (value [java.lang.ThreadLocal@29d46e7d]) and a value of type [com.netflix.hystrix.strategy.concurrency.HystrixRequestContext] (value [com.netflix.hystrix.strategy.concurrency.HystrixRequestContext@32783580]) but failed to remove it when the web application was stopped. Threads are going to be renewed over time to try and avoid a probable memory leak.
Nov 26, 2018 8:10:27 AM org.apache.catalina.loader.WebappClassLoaderBase checkThreadLocalMapForLeaks
SEVERE: The web application [] created a ThreadLocal with key of type [java.lang.ThreadLocal] (value [java.lang.ThreadLocal@29d46e7d]) and a value of type [com.netflix.hystrix.strategy.concurrency.HystrixRequestContext] (value [com.netflix.hystrix.strategy.concurrency.HystrixRequestContext@217d29c6]) but failed to remove it when the web application was stopped. Threads are going to be renewed over time to try and avoid a probable memory leak.
Nov 26, 2018 8:10:27 AM org.apache.catalina.loader.WebappClassLoaderBase checkThreadLocalMapForLeaks
SEVERE: The web application [] created a ThreadLocal with key of type [com.netflix.hystrix.Hystrix$1] (value [com.netflix.hystrix.Hystrix$1@3f622461]) and a value of type [com.netflix.hystrix.Hystrix.ConcurrentStack] (value [com.netflix.hystrix.Hystrix$ConcurrentStack@4c45c238]) but failed to remove it when the web application was stopped. Threads are going to be renewed over time to try and avoid a probable memory leak.
Nov 26, 2018 8:10:30 AM org.apache.coyote.AbstractProtocol stop
INFO: Stopping ProtocolHandler ["http-bio-8080"]
Nov 26, 2018 8:10:30 AM org.apache.coyote.AbstractProtocol stop
INFO: Stopping ProtocolHandler ["ajp-bio-8009"]
Nov 26, 2018 8:10:31 AM org.apache.openejb.server.SimpleServiceManager stop
INFO: Stopping server services
Nov 26, 2018 8:10:33 AM org.apache.coyote.AbstractProtocol destroy
INFO: Destroying ProtocolHandler ["http-bio-8080"]
Nov 26, 2018 8:10:33 AM org.apache.coyote.AbstractProtocol destroy
INFO: Destroying ProtocolHandler ["ajp-bio-8009"]
